Warning: your license expires in 0 days!
Ansys Lumerical 2022 R1.3 FDTD Solver Version 8.27.3016 (Windows 64bit)
 expires (month/day/year): 12/15/2024
using config file: Ansys Licensing set with ANSYSLMD_LICENSE_FILE
license host: 1055@10.75.218.24
current time: dom dez 15 19:19:16 2024
Running on host: DESKTOP-2P4D5C3
host available memory (GB): 59.303657
All processes are communicating and ready to proceed to simulation...
Running fsp file: C:\Program Files\Lumerical\v221\bin\fdtd-engine.exe -t 1 -remote C:/Users/gson5/AppData/Local/Temp/ipykernel_6132/opts_0/adjoint_20.fsp
Starting meshing
Simulation size in gridpoints: 1 x 83 x 1
Refined 0 mesh cells (0%)
Completed meshing!
Meshing complete in 0 seconds of CPU time
Starting meshing
Simulation size in gridpoints: 1 x 83 x 1
Refined 0 mesh cells (0%)
Completed meshing!
Meshing complete in 0.015625 seconds of CPU time
Starting meshing
Simulation size in gridpoints: 1 x 83 x 1
Refined 0 mesh cells (0%)
Completed meshing!
Meshing complete in 0 seconds of CPU time
number of processors is 1
processors are distributed as: 1x1x1
Running 2D Simulation
Starting meshing
Simulation size in gridpoints: 186 x 94 x 1
Refined 0 mesh cells (0%)
Completed meshing!
Meshing complete in 0.015625 seconds of CPU time
0 0
Starting meshing
Simulation size in gridpoints: 186 x 94 x 1
Refined 0 mesh cells (0%)
Completed meshing!
Meshing complete in 0.015625 seconds of CPU time
0 0
finished material properties
Selected kernel with optimization level: 2 and split-field propagation direction: 0
Starting meshing
Simulation size in gridpoints: 186 x 94 x 1
Refined 0 mesh cells (0%)
Completed meshing!
Meshing complete in 0.015625 seconds of CPU time
0 0
Selected kernel with optimization level: 2 and split-field propagation direction: 0
-----------------------------------------
Beginning initialization of 2D FDTD Simulation
  Including TE Simulation
Starting to add sources to simulation

Adding Mode source propagating in X
Starting to add boundary conditions to simulation
Adding PML BC
Adding PML BC
Adding Anti-Symmetric BC
Adding PML BC
Starting to add monitors to Simulation
Adding analysis monitor
Adding frequency monitor
Adding frequency monitor
Adding index monitor
Finished initialization of 2D Simulation
-----------------------------------------
All processes are communicating and ready to proceed to simulation...
Starting 14341 total iterations
0.334693% complete. Max time remaining: 2 secs. Auto Shutoff: 1
1.67347% complete. Max time remaining: 2 secs. Auto Shutoff: 1
3.45849% complete. Max time remaining: 2 secs. Auto Shutoff: 1
7.02855% complete. Max time remaining: 2 secs. Auto Shutoff: 1.01118
14.1687% complete. Max time remaining: 2 secs. Auto Shutoff: 0.0119058
26.8521% complete. Max time remaining: 1 secs. Auto Shutoff: 7.74067e-06
100% complete. Max time remaining: 0 mins, 0 secs. Auto Shutoff: 7.74067e-06
Early termination of simulation, the autoshutoff criteria are satisfied.
Completed 3851 iterations, or 2.685214e-13s of Simulation Time
Process 0 starting to collect data
    collecting TM monitor data
    collecting TE monitor data
    collecting TM source data
    collecting TE source data
Finished collecting data
Simulation completed successfully at: dom dez 15 19:19:16 2024
Overall wall time measurements in seconds: 12.2922
    time to mesh and initialize: 0.11582
    time to run FDTD simulation: 0.50533
    time to checkpoint simulation: 1e-07
    time to finalize data and save to files: 0.0189407
    miscellaneous time: 11.6521
    FDTD solver speed on process 0: 133.241 Mnodes/s
    total FDTD solver speed on 1 processes: 133.241 Mnodes/s
