Warning: your license expires in 0 days!
Ansys Lumerical 2022 R1.3 FDTD Solver Version 8.27.3016 (Windows 64bit)
 expires (month/day/year): 11/29/2024
using config file: Ansys Licensing set with ANSYSLMD_LICENSE_FILE
license host: 1055@10.75.218.24
current time: sex nov 29 14:53:34 2024
Running on host: DESKTOP-2P4D5C3
host available memory (GB): 51.837837
All processes are communicating and ready to proceed to simulation...
Running fsp file: C:\Program Files\Lumerical\v221\bin\fdtd-engine.exe -t 1 -remote C:/Users/gson5/Downloads/ERICK TRALHAS/FOTÔNICA/LAB. 9/MMI FDTD.fsp
Starting meshing
Simulation size in gridpoints: 1 x 49 x 19
Refined 0 mesh cells (0%)
Completed meshing!
Meshing complete in 0 seconds of CPU time
Starting meshing
Simulation size in gridpoints: 1 x 49 x 19
Refined 0 mesh cells (0%)
Completed meshing!
Meshing complete in 0 seconds of CPU time
Starting meshing
Simulation size in gridpoints: 1 x 49 x 19
Refined 0 mesh cells (0%)
Completed meshing!
Meshing complete in 0 seconds of CPU time
Starting meshing
Simulation size in gridpoints: 1 x 49 x 19
Refined 0 mesh cells (0%)
Completed meshing!
Meshing complete in 0 seconds of CPU time
Starting meshing
Simulation size in gridpoints: 1 x 49 x 19
Refined 0 mesh cells (0%)
Completed meshing!
Meshing complete in 0 seconds of CPU time
Starting meshing
Simulation size in gridpoints: 1 x 49 x 19
Refined 0 mesh cells (0%)
Completed meshing!
Meshing complete in 0 seconds of CPU time
left is a duplicate key.
bottom is a duplicate key.
z1 is a duplicate key.
z2 is a duplicate key.
Nx is a duplicate key.
Ny is a duplicate key.
Nz is a duplicate key.
Starting meshing
Simulation size in gridpoints: 1 x 49 x 19
Refined 0 mesh cells (0%)
Completed meshing!
Meshing complete in 0 seconds of CPU time
Starting meshing
Simulation size in gridpoints: 1 x 49 x 19
Refined 0 mesh cells (0%)
Completed meshing!
Meshing complete in 0 seconds of CPU time
Starting meshing
Simulation size in gridpoints: 1 x 49 x 19
Refined 0 mesh cells (0%)
Completed meshing!
Meshing complete in 0 seconds of CPU time
left is a duplicate key.
bottom is a duplicate key.
z1 is a duplicate key.
z2 is a duplicate key.
Nx is a duplicate key.
Ny is a duplicate key.
Nz is a duplicate key.
Starting meshing
Simulation size in gridpoints: 1 x 49 x 19
Refined 0 mesh cells (0%)
Completed meshing!
Meshing complete in 0 seconds of CPU time
Starting meshing
Simulation size in gridpoints: 1 x 49 x 19
Refined 0 mesh cells (0%)
Completed meshing!
Meshing complete in 0 seconds of CPU time
Starting meshing
Simulation size in gridpoints: 1 x 49 x 19
Refined 0 mesh cells (0%)
Completed meshing!
Meshing complete in 0 seconds of CPU time
left is a duplicate key.
bottom is a duplicate key.
z1 is a duplicate key.
z2 is a duplicate key.
Nx is a duplicate key.
Ny is a duplicate key.
Nz is a duplicate key.
Starting meshing
Simulation size in gridpoints: 1 x 49 x 19
Refined 0 mesh cells (0%)
Completed meshing!
Meshing complete in 0 seconds of CPU time
Starting meshing
Simulation size in gridpoints: 1 x 49 x 19
Refined 0 mesh cells (0%)
Completed meshing!
Meshing complete in 0 seconds of CPU time
Starting meshing
Simulation size in gridpoints: 1 x 49 x 19
Refined 0 mesh cells (0%)
Completed meshing!
Meshing complete in 0 seconds of CPU time
left is a duplicate key.
bottom is a duplicate key.
z1 is a duplicate key.
z2 is a duplicate key.
Nx is a duplicate key.
Ny is a duplicate key.
Nz is a duplicate key.
number of processors is 1
processors are distributed as: 1x1x1
Running 3D Simulation
Starting meshing
Simulation size in gridpoints: 2356 x 291 x 26
Refined 0 mesh cells (0%)
Completed meshing!
Meshing complete in 1.23438 seconds of CPU time
0 0
Starting meshing
Simulation size in gridpoints: 2356 x 291 x 26
Refined 0 mesh cells (0%)
Completed meshing!
Meshing complete in 0.96875 seconds of CPU time
0 0
Starting meshing
Simulation size in gridpoints: 2356 x 291 x 26
Refined 0 mesh cells (0%)
Completed meshing!
Meshing complete in 1.67188 seconds of CPU time
0 0
finished material properties
Meshing Time: 8.80274 seconds, Init Electrical Material Time: 0.541144 seconds, Init Magnetic Material Time: 0.0504488
Using selected optimization level: 2
Selecting 3d kernel for splitFieldDirection=0 and optLevel=2
-----------------------------------------
Beginning initialization of 3D Simulation
Starting to add sources to simulation
Adding 3D Mode source propagating in X
Using frequency dependent profile
Starting to add boundary conditions to simulation
Adding 3D PML BC
Adding 3D PML BC
Adding 3D PML BC
Adding 3D PML BC
Adding 3D Symmetric BC
Adding 3D PML BC
Starting to add monitors to Simulation
Adding analysis monitor
Adding 3D DFT monitor
Adding 3D DFT monitor
Adding 3D DFT monitor
Adding 3D DFT monitor
Adding 3D DFT monitor
Finished initialization of 3D Simulation
-----------------------------------------
All processes are communicating and ready to proceed to simulation...
Starting 24473 total iterations
0.130755% complete. Max time remaining: 32 mins, 40 secs. Auto Shutoff: 1
1.1768% complete. Max time remaining: 30 mins, 5 secs. Auto Shutoff: 1
2.22284% complete. Max time remaining: 30 mins, 49 secs. Auto Shutoff: 1
3.26888% complete. Max time remaining: 30 mins, 54 secs. Auto Shutoff: 1
4.31493% complete. Max time remaining: 30 mins, 20 secs. Auto Shutoff: 0.997696
5.36097% complete. Max time remaining: 30 mins, 0 secs. Auto Shutoff: 0.997893
6.40701% complete. Max time remaining: 29 mins, 48 secs. Auto Shutoff: 0.997901
7.45305% complete. Max time remaining: 29 mins, 0 secs. Auto Shutoff: 0.998134
8.4991% complete. Max time remaining: 28 mins, 12 secs. Auto Shutoff: 0.998382
9.54514% complete. Max time remaining: 27 mins, 38 secs. Auto Shutoff: 0.998478
10.5912% complete. Max time remaining: 27 mins, 9 secs. Auto Shutoff: 0.998524
11.6372% complete. Max time remaining: 26 mins, 36 secs. Auto Shutoff: 0.998607
12.6833% complete. Max time remaining: 26 mins, 6 secs. Auto Shutoff: 0.998739
13.7293% complete. Max time remaining: 25 mins, 43 secs. Auto Shutoff: 0.998729
14.7754% complete. Max time remaining: 25 mins, 18 secs. Auto Shutoff: 0.998646
15.8214% complete. Max time remaining: 24 mins, 53 secs. Auto Shutoff: 0.998556
16.8674% complete. Max time remaining: 24 mins, 31 secs. Auto Shutoff: 0.998484
17.9135% complete. Max time remaining: 24 mins, 9 secs. Auto Shutoff: 0.998418
18.9595% complete. Max time remaining: 23 mins, 47 secs. Auto Shutoff: 0.998395
20.0056% complete. Max time remaining: 23 mins, 27 secs. Auto Shutoff: 0.998373
21.0516% complete. Max time remaining: 23 mins, 8 secs. Auto Shutoff: 0.998361
22.0977% complete. Max time remaining: 22 mins, 47 secs. Auto Shutoff: 0.998352
23.1437% complete. Max time remaining: 22 mins, 26 secs. Auto Shutoff: 0.998351
24.1897% complete. Max time remaining: 22 mins, 7 secs. Auto Shutoff: 0.998353
25.2358% complete. Max time remaining: 21 mins, 47 secs. Auto Shutoff: 0.998348
26.2818% complete. Max time remaining: 21 mins, 25 secs. Auto Shutoff: 0.998344
27.3279% complete. Max time remaining: 21 mins, 5 secs. Auto Shutoff: 0.998333
28.3739% complete. Max time remaining: 20 mins, 47 secs. Auto Shutoff: 0.998332
29.42% complete. Max time remaining: 20 mins, 27 secs. Auto Shutoff: 0.998338
30.466% complete. Max time remaining: 20 mins, 9 secs. Auto Shutoff: 0.998338
31.512% complete. Max time remaining: 19 mins, 51 secs. Auto Shutoff: 0.998336
32.5581% complete. Max time remaining: 19 mins, 31 secs. Auto Shutoff: 0.998331
33.6041% complete. Max time remaining: 19 mins, 11 secs. Auto Shutoff: 0.998327
34.6502% complete. Max time remaining: 18 mins, 53 secs. Auto Shutoff: 0.998322
35.6962% complete. Max time remaining: 18 mins, 34 secs. Auto Shutoff: 0.998321
36.7423% complete. Max time remaining: 18 mins, 15 secs. Auto Shutoff: 0.998319
37.7883% complete. Max time remaining: 17 mins, 56 secs. Auto Shutoff: 0.99832
38.8343% complete. Max time remaining: 17 mins, 38 secs. Auto Shutoff: 0.998319
39.8804% complete. Max time remaining: 17 mins, 20 secs. Auto Shutoff: 0.998319
40.9264% complete. Max time remaining: 17 mins, 1 secs. Auto Shutoff: 0.998319
41.9725% complete. Max time remaining: 16 mins, 43 secs. Auto Shutoff: 0.998318
43.0185% complete. Max time remaining: 16 mins, 24 secs. Auto Shutoff: 0.998335
44.0646% complete. Max time remaining: 16 mins, 5 secs. Auto Shutoff: 0.998325
45.1106% complete. Max time remaining: 15 mins, 47 secs. Auto Shutoff: 0.998266
46.1566% complete. Max time remaining: 15 mins, 28 secs. Auto Shutoff: 0.998735
47.2027% complete. Max time remaining: 15 mins, 8 secs. Auto Shutoff: 1.00133
48.2487% complete. Max time remaining: 14 mins, 49 secs. Auto Shutoff: 0.976237
49.2948% complete. Max time remaining: 14 mins, 31 secs. Auto Shutoff: 0.945902
50.3408% complete. Max time remaining: 14 mins, 13 secs. Auto Shutoff: 0.92519
51.3869% complete. Max time remaining: 13 mins, 54 secs. Auto Shutoff: 0.838328
52.4329% complete. Max time remaining: 13 mins, 37 secs. Auto Shutoff: 0.813458
53.4789% complete. Max time remaining: 13 mins, 18 secs. Auto Shutoff: 0.788064
54.525% complete. Max time remaining: 12 mins, 60 secs. Auto Shutoff: 0.773903
55.571% complete. Max time remaining: 12 mins, 42 secs. Auto Shutoff: 0.755127
56.6171% complete. Max time remaining: 12 mins, 24 secs. Auto Shutoff: 0.740546
57.6631% complete. Max time remaining: 12 mins, 6 secs. Auto Shutoff: 0.739929
58.7091% complete. Max time remaining: 11 mins, 48 secs. Auto Shutoff: 0.763858
59.7552% complete. Max time remaining: 11 mins, 30 secs. Auto Shutoff: 0.770446
60.8012% complete. Max time remaining: 11 mins, 12 secs. Auto Shutoff: 1.05079
61.8473% complete. Max time remaining: 10 mins, 53 secs. Auto Shutoff: 1.27536
62.8933% complete. Max time remaining: 10 mins, 36 secs. Auto Shutoff: 0.667862
63.9394% complete. Max time remaining: 10 mins, 18 secs. Auto Shutoff: 0.393092
64.9854% complete. Max time remaining: 9 mins, 59 secs. Auto Shutoff: 0.142508
66.0314% complete. Max time remaining: 9 mins, 41 secs. Auto Shutoff: 0.128713
67.0775% complete. Max time remaining: 9 mins, 24 secs. Auto Shutoff: 0.126256
68.1235% complete. Max time remaining: 9 mins, 6 secs. Auto Shutoff: 0.125821
69.1696% complete. Max time remaining: 8 mins, 48 secs. Auto Shutoff: 0.125714
70.2156% complete. Max time remaining: 8 mins, 30 secs. Auto Shutoff: 0.125517
71.2617% complete. Max time remaining: 8 mins, 12 secs. Auto Shutoff: 0.125364
72.3077% complete. Max time remaining: 7 mins, 54 secs. Auto Shutoff: 0.125292
73.3537% complete. Max time remaining: 7 mins, 36 secs. Auto Shutoff: 0.125269
74.3998% complete. Max time remaining: 7 mins, 18 secs. Auto Shutoff: 0.125227
75.4458% complete. Max time remaining: 7 mins, 0 secs. Auto Shutoff: 0.125205
76.4919% complete. Max time remaining: 6 mins, 42 secs. Auto Shutoff: 0.125175
77.5379% complete. Max time remaining: 6 mins, 24 secs. Auto Shutoff: 0.125159
78.584% complete. Max time remaining: 6 mins, 6 secs. Auto Shutoff: 0.125147
79.63% complete. Max time remaining: 5 mins, 48 secs. Auto Shutoff: 0.125151
80.676% complete. Max time remaining: 5 mins, 30 secs. Auto Shutoff: 0.125127
81.7221% complete. Max time remaining: 5 mins, 12 secs. Auto Shutoff: 0.125011
82.7681% complete. Max time remaining: 4 mins, 54 secs. Auto Shutoff: 0.125856
83.8142% complete. Max time remaining: 4 mins, 36 secs. Auto Shutoff: 0.123747
84.8602% complete. Max time remaining: 4 mins, 18 secs. Auto Shutoff: 0.119432
85.9063% complete. Max time remaining: 4 mins, 0 secs. Auto Shutoff: 0.118854
86.9523% complete. Max time remaining: 3 mins, 42 secs. Auto Shutoff: 0.112688
87.9983% complete. Max time remaining: 3 mins, 25 secs. Auto Shutoff: 0.109069
89.0444% complete. Max time remaining: 3 mins, 7 secs. Auto Shutoff: 0.106998
90.0904% complete. Max time remaining: 2 mins, 49 secs. Auto Shutoff: 0.104815
91.1365% complete. Max time remaining: 2 mins, 31 secs. Auto Shutoff: 0.103557
92.1825% complete. Max time remaining: 2 mins, 13 secs. Auto Shutoff: 0.10221
93.2286% complete. Max time remaining: 1 min, 55 secs. Auto Shutoff: 0.1016
94.2746% complete. Max time remaining: 1 min, 38 secs. Auto Shutoff: 0.10107
95.3206% complete. Max time remaining: 1 min, 20 secs. Auto Shutoff: 0.0964289
96.3667% complete. Max time remaining: 1 min, 2 secs. Auto Shutoff: 0.097846
97.4127% complete. Max time remaining: 44 secs. Auto Shutoff: 0.0964796
98.4588% complete. Max time remaining: 26 secs. Auto Shutoff: 0.0883481
99.5048% complete. Max time remaining: 8 secs. Auto Shutoff: 0.0874233
Completed 24473 iterations, or 1.999985e-12s of Simulation Time
Process 0 starting to collect data
    collecting monitor data
    collecting source data
Using frequency dependent profile
Finished collecting data
left is a duplicate key.
bottom is a duplicate key.
z1 is a duplicate key.
z2 is a duplicate key.
Nx is a duplicate key.
Ny is a duplicate key.
Nz is a duplicate key.
left is a duplicate key.
bottom is a duplicate key.
z1 is a duplicate key.
z2 is a duplicate key.
Nx is a duplicate key.
Ny is a duplicate key.
Nz is a duplicate key.
left is a duplicate key.
bottom is a duplicate key.
z1 is a duplicate key.
z2 is a duplicate key.
Nx is a duplicate key.
Ny is a duplicate key.
Nz is a duplicate key.
left is a duplicate key.
bottom is a duplicate key.
z1 is a duplicate key.
z2 is a duplicate key.
Nx is a duplicate key.
Ny is a duplicate key.
Nz is a duplicate key.
Simulation completed successfully at: sex nov 29 15:22:14 2024
Overall wall time measurements in seconds: 1731.87
    time to mesh and initialize: 14.1658
    time to run FDTD simulation: 1701.88
    time to checkpoint simulation: 1e-07
    time to finalize data and save to files: 3.90171
    miscellaneous time: 11.9245
    FDTD solver speed on process 0: 256.33 Mnodes/s
    total FDTD solver speed on 1 processes: 256.33 Mnodes/s
