Warning: your license expires in 0 days!
Ansys Lumerical 2022 R1.3 Variational FDTD Solver Version 7.19.3016 (Windows 64bit)
 expires (month/day/year): 11/29/2024
using config file: Ansys Licensing set with ANSYSLMD_LICENSE_FILE
license host: 1055@10.75.218.24
current time: sex nov 29 09:27:19 2024
Running on host: DESKTOP-2P4D5C3
All processes are communicating and ready to proceed to simulation...
Running lms file: C:\Program Files\Lumerical\v221\bin\varfdtd-engine.exe -t 1 -remote C:/Users/gson5/Downloads/ERICK TRALHAS/FOTÔNICA/LAB. 9/MMI VARFDTD.lms
Starting meshing
Simulation size in gridpoints: 1 x 100 x 1
Refined 0 mesh cells (0%)
Completed meshing!
Meshing complete in 0 seconds of CPU time
Starting meshing
Simulation size in gridpoints: 1 x 100 x 1
Refined 0 mesh cells (0%)
Completed meshing!
Meshing complete in 0 seconds of CPU time
Starting meshing
Simulation size in gridpoints: 1 x 100 x 1
Refined 0 mesh cells (0%)
Completed meshing!
Meshing complete in 0 seconds of CPU time
number of processors is 1
processors are distributed as: 1x1x1
Running TE Simulation
Starting meshing
Simulation size in gridpoints: 2973 x 400 x 1
Refined 0 mesh cells (0%)
Completed meshing!
Meshing complete in 0.828125 seconds of CPU time
0 0
Starting meshing
Simulation size in gridpoints: 2973 x 400 x 1
Refined 0 mesh cells (0%)
Completed meshing!
Meshing complete in 0.40625 seconds of CPU time
0 0
finished material properties
Selected kernel with optimization level: 0 and split-field propagation direction: 0
-----------------------------------------
Beginning initialization of TE Simulation
Starting to add sources to simulation
Adding TE Mode Source propagating in X
Starting to add boundary conditions to simulation
Adding TE PML BC
Adding TE PML BC
Adding TE PML BC
Adding TE PML BC
Starting to add monitors to Simulation
Adding analysis monitor
Adding TE DFT monitor
Adding TE DFT monitor
Adding TE DFT monitor
Adding TE DFT monitor
Adding TE DFT monitor
Finished initialization of TE Simulation
-----------------------------------------
All processes are communicating and ready to proceed to simulation...
Starting 27865 total iterations
0% complete. Max time remaining: 3 mins, 17 secs. Auto Shutoff: 1
2% complete. Max time remaining: 2 mins, 57 secs. Auto Shutoff: 1
3% complete. Max time remaining: 2 mins, 55 secs. Auto Shutoff: 1
4% complete. Max time remaining: 2 mins, 56 secs. Auto Shutoff: 1
5% complete. Max time remaining: 2 mins, 59 secs. Auto Shutoff: 1
5% complete. Max time remaining: 2 mins, 57 secs. Auto Shutoff: 1
6% complete. Max time remaining: 2 mins, 56 secs. Auto Shutoff: 1
7% complete. Max time remaining: 2 mins, 56 secs. Auto Shutoff: 1
8% complete. Max time remaining: 2 mins, 54 secs. Auto Shutoff: 1
9% complete. Max time remaining: 2 mins, 55 secs. Auto Shutoff: 1
10% complete. Max time remaining: 2 mins, 53 secs. Auto Shutoff: 1
12% complete. Max time remaining: 2 mins, 51 secs. Auto Shutoff: 0.96889
13% complete. Max time remaining: 2 mins, 49 secs. Auto Shutoff: 0.965491
14% complete. Max time remaining: 2 mins, 47 secs. Auto Shutoff: 0.96403
15% complete. Max time remaining: 2 mins, 45 secs. Auto Shutoff: 0.960338
16% complete. Max time remaining: 2 mins, 43 secs. Auto Shutoff: 0.956457
16% complete. Max time remaining: 2 mins, 42 secs. Auto Shutoff: 0.949091
17% complete. Max time remaining: 2 mins, 40 secs. Auto Shutoff: 0.943681
18% complete. Max time remaining: 2 mins, 39 secs. Auto Shutoff: 0.93592
19% complete. Max time remaining: 2 mins, 37 secs. Auto Shutoff: 0.929641
20% complete. Max time remaining: 2 mins, 35 secs. Auto Shutoff: 0.926337
21% complete. Max time remaining: 2 mins, 34 secs. Auto Shutoff: 0.915618
23% complete. Max time remaining: 2 mins, 29 secs. Auto Shutoff: 0.92307
24% complete. Max time remaining: 2 mins, 27 secs. Auto Shutoff: 0.919123
25% complete. Max time remaining: 2 mins, 26 secs. Auto Shutoff: 0.841354
26% complete. Max time remaining: 2 mins, 24 secs. Auto Shutoff: 0.619987
27% complete. Max time remaining: 2 mins, 22 secs. Auto Shutoff: 0.187993
28% complete. Max time remaining: 2 mins, 20 secs. Auto Shutoff: 0.042421
28% complete. Max time remaining: 2 mins, 18 secs. Auto Shutoff: 0.00170746
29% complete. Max time remaining: 2 mins, 16 secs. Auto Shutoff: 0.000406534
30% complete. Max time remaining: 2 mins, 14 secs. Auto Shutoff: 0.000331086
31% complete. Max time remaining: 2 mins, 12 secs. Auto Shutoff: 0.000321623
32% complete. Max time remaining: 2 mins, 10 secs. Auto Shutoff: 0.000317642
33% complete. Max time remaining: 2 mins, 8 secs. Auto Shutoff: 0.000313433
35% complete. Max time remaining: 2 mins, 5 secs. Auto Shutoff: 0.000307347
36% complete. Max time remaining: 2 mins, 3 secs. Auto Shutoff: 0.000308097
37% complete. Max time remaining: 2 mins, 1 secs. Auto Shutoff: 0.000302572
38% complete. Max time remaining: 1 min, 60 secs. Auto Shutoff: 0.000285381
39% complete. Max time remaining: 1 min, 58 secs. Auto Shutoff: 0.000181114
39% complete. Max time remaining: 1 min, 56 secs. Auto Shutoff: 8.32068e-05
40% complete. Max time remaining: 1 min, 55 secs. Auto Shutoff: 9.59816e-06
Early termination of simulation, the autoshutoff criteria are satisfied.
Completed 11212 iterations, or 8.04746e-13s of Simulation Time
Process 0 starting to collect data
    collecting monitor data
    collecting source data
Finished collecting data
1.1892e+06

11212

77.3155

Simulation completed successfully at: sex nov 29 09:28:49 2024
Overall wall time measurements in seconds: 101.652
    time to mesh and initialize: 2.59826
    time to run FDTD simulation: 77.3155
    time to finalize data and save to files: 10.1246
    miscellaneous time: 11.6136
    FDTD solver speed on process 0: 172.453 Mnodes/s
    total FDTD solver speed on 1 processes: 172.453 Mnodes/s
